#
# There is insufficient memory for the Java Runtime Environment to continue.
# Native memory allocation (mmap) failed to map 132120576 bytes for G1 virtual space
# Possible reasons:
#   The system is out of physical RAM or swap space
#   The process is running with CompressedOops enabled, and the Java Heap may be blocking the growth of the native heap
# Possible solutions:
#   Reduce memory load on the system
#   Increase physical memory or swap space
#   Check if swap backing store is full
#   Decrease Java heap size (-Xmx/-Xms)
#   Decrease number of Java threads
#   Decrease Java thread stack sizes (-Xss)
#   Set larger code cache with -XX:ReservedCodeCacheSize=
#   JVM is running with Unscaled Compressed Oops mode in which the Java heap is
#     placed in the first 4GB address space. The Java Heap base address is the
#     maximum limit for the native heap growth. Please use -XX:HeapBaseMinAddress
#     to set the Java Heap base and to place the Java Heap above 4GB virtual address.
# This output file may be truncated or incomplete.
#
#  Out of Memory Error (os_windows.cpp:3753), pid=24416, tid=27284
#
# JRE version:  (17.0.4.1+7) (build )
# Java VM: OpenJDK 64-Bit Server VM (17.0.4.1+7-b469.62, mixed mode, sharing, tiered, compressed oops, compressed class ptrs, g1 gc, windows-amd64)
# No core dump will be written. Minidumps are not enabled by default on client versions of Windows
#

---------------  S U M M A R Y ------------

Command Line: git4idea.http.GitAskPassApp Username for 'http://10.42.1.120': 

Host: Intel(R) Core(TM) i5-8265U CPU @ 1.60GHz, 8 cores, 7G,  Windows 11 , 64 bit Build 22000 (10.0.22000.1219)
Time: Tue Nov 22 13:51:37 2022 Temps universel coordonné elapsed time: 0.023710 seconds (0d 0h 0m 0s)

---------------  T H R E A D  ---------------

Current thread (0x00000289368332a0):  JavaThread "Unknown thread" [_thread_in_vm, id=27284, stack(0x000000a490900000,0x000000a490a00000)]

Stack: [0x000000a490900000,0x000000a490a00000]
Native frames: (J=compiled Java code, j=interpreted, Vv=VM code, C=native code)
V  [jvm.dll+0x68356a]
V  [jvm.dll+0x83fab4]
V  [jvm.dll+0x84125e]
V  [jvm.dll+0x8418c3]
V  [jvm.dll+0x249735]
V  [jvm.dll+0x680439]
V  [jvm.dll+0x674a7a]
V  [jvm.dll+0x30956b]
V  [jvm.dll+0x310a26]
V  [jvm.dll+0x36089e]
V  [jvm.dll+0x360acf]
V  [jvm.dll+0x2df658]
V  [jvm.dll+0x2e05c4]
V  [jvm.dll+0x8112a1]
V  [jvm.dll+0x36e6f1]
V  [jvm.dll+0x7f076c]
V  [jvm.dll+0x3f180f]
V  [jvm.dll+0x3f3351]
C  [jli.dll+0x526b]
C  [ucrtbase.dll+0x26c0c]
C  [KERNEL32.DLL+0x15550]
C  [ntdll.dll+0x485b]


---------------  P R O C E S S  ---------------

Threads class SMR info:
_java_thread_list=0x00007ff87c6c7f58, length=0, elements={
}

Java Threads: ( => current thread )

Other Threads:
  0x000002893688e8c0 GCTaskThread "GC Thread#0" [stack: 0x000000a490a00000,0x000000a490b00000] [id=35448]
  0x000002893689f2a0 ConcurrentGCThread "G1 Main Marker" [stack: 0x000000a490b00000,0x000000a490c00000] [id=32264]
  0x000002893689fcb0 ConcurrentGCThread "G1 Conc#0" [stack: 0x000000a490c00000,0x000000a490d00000] [id=26156]

[error occurred during error reporting (printing all threads), id 0xc0000005, EXCEPTION_ACCESS_VIOLATION (0xc0000005) at pc=0x00007ff87be80217]

VM state: not at safepoint (not fully initialized)

VM Mutex/Monitor currently owned by a thread:  ([mutex/lock_event])
[0x000002893682df70] Heap_lock - owner thread: 0x00000289368332a0

Heap address: 0x0000000083600000, size: 1994 MB, Compressed Oops mode: 32-bit

CDS archive(s) mapped at: [0x0000000000000000-0x0000000000000000-0x0000000000000000), size 0, SharedBaseAddress: 0x0000000800000000, ArchiveRelocationMode: 0.
Narrow klass base: 0x0000000000000000, Narrow klass shift: 0, Narrow klass range: 0x0

GC Precious Log:
<Empty>

Heap:
 garbage-first heap   total 0K, used 0K [0x0000000083600000, 0x0000000100000000)
  region size 1024K, 0 young (0K), 0 survivors (0K)

[error occurred during error reporting (printing heap information), id 0xc0000005, EXCEPTION_ACCESS_VIOLATION (0xc0000005) at pc=0x00007ff87c26d1f9]

GC Heap History (0 events):
No events

Deoptimization events (0 events):
No events

Classes unloaded (0 events):
No events

Classes redefined (0 events):
No events

Internal exceptions (0 events):
No events

VM Operations (0 events):
No events

Events (1 events):
Event: 0.016 Loaded shared library C:\Program Files\JetBrains\IntelliJ IDEA 2022.2.3\jbr\bin\java.dll


Dynamic libraries:
0x00007ff7be850000 - 0x00007ff7be85a000 	C:\Program Files\JetBrains\IntelliJ IDEA 2022.2.3\jbr\bin\java.exe
0x00007ff8ab600000 - 0x00007ff8ab809000 	C:\Windows\SYSTEM32\ntdll.dll
0x00007ff8aa730000 - 0x00007ff8aa7ee000 	C:\Windows\System32\KERNEL32.DLL
0x00007ff8a8d80000 - 0x00007ff8a90fb000 	C:\Windows\System32\KERNELBASE.dll
0x00007ff8a92c0000 - 0x00007ff8a93d1000 	C:\Windows\System32\ucrtbase.dll
0x00007ff880bc0000 - 0x00007ff880bd7000 	C:\Program Files\JetBrains\IntelliJ IDEA 2022.2.3\jbr\bin\jli.dll
0x00007ff88c9b0000 - 0x00007ff88c9cb000 	C:\Program Files\JetBrains\IntelliJ IDEA 2022.2.3\jbr\bin\VCRUNTIME140.dll
0x00007ff8ab3a0000 - 0x00007ff8ab54d000 	C:\Windows\System32\USER32.dll
0x00007ff8a9450000 - 0x00007ff8a9476000 	C:\Windows\System32\win32u.dll
0x00007ff8a97f0000 - 0x00007ff8a9819000 	C:\Windows\System32\GDI32.dll
0x00007ff8a91a0000 - 0x00007ff8a92b8000 	C:\Windows\System32\gdi32full.dll
0x00007ff8a9100000 - 0x00007ff8a919d000 	C:\Windows\System32\msvcp_win.dll
0x00007ff8996b0000 - 0x00007ff899955000 	C:\Windows\WinSxS\amd64_microsoft.windows.common-controls_6595b64144ccf1df_6.0.22000.120_none_9d947278b86cc467\COMCTL32.dll
0x00007ff8aa7f0000 - 0x00007ff8aa893000 	C:\Windows\System32\msvcrt.dll
0x00007ff8a9db0000 - 0x00007ff8a9de2000 	C:\Windows\System32\IMM32.DLL
0x00007ff897670000 - 0x00007ff89767c000 	C:\Program Files\JetBrains\IntelliJ IDEA 2022.2.3\jbr\bin\vcruntime140_1.dll
0x00007ff87ba70000 - 0x00007ff87bafd000 	C:\Program Files\JetBrains\IntelliJ IDEA 2022.2.3\jbr\bin\msvcp140.dll
0x00007ff87bb90000 - 0x00007ff87c7f9000 	C:\Program Files\JetBrains\IntelliJ IDEA 2022.2.3\jbr\bin\server\jvm.dll
0x00007ff8a9910000 - 0x00007ff8a99be000 	C:\Windows\System32\ADVAPI32.dll
0x00007ff8a9630000 - 0x00007ff8a96ce000 	C:\Windows\System32\sechost.dll
0x00007ff8a9a40000 - 0x00007ff8a9b60000 	C:\Windows\System32\RPCRT4.dll
0x00007ff8a9620000 - 0x00007ff8a9628000 	C:\Windows\System32\PSAPI.DLL
0x00007ff8902d0000 - 0x00007ff8902d9000 	C:\Windows\SYSTEM32\WSOCK32.dll
0x00007ff891810000 - 0x00007ff891843000 	C:\Windows\SYSTEM32\WINMM.dll
0x00007ff89e2c0000 - 0x00007ff89e2ca000 	C:\Windows\SYSTEM32\VERSION.dll
0x00007ff8a9b80000 - 0x00007ff8a9bef000 	C:\Windows\System32\WS2_32.dll
0x00007ff8a7b50000 - 0x00007ff8a7b68000 	C:\Windows\SYSTEM32\kernel.appcore.dll
0x00007ff8a0510000 - 0x00007ff8a051a000 	C:\Program Files\JetBrains\IntelliJ IDEA 2022.2.3\jbr\bin\jimage.dll
0x00007ff8a6600000 - 0x00007ff8a6821000 	C:\Windows\SYSTEM32\DBGHELP.DLL
0x00007ff89bb40000 - 0x00007ff89bb71000 	C:\Windows\SYSTEM32\dbgcore.DLL
0x00007ff8a8ad0000 - 0x00007ff8a8b4f000 	C:\Windows\System32\bcryptPrimitives.dll
0x00007ff897be0000 - 0x00007ff897c05000 	C:\Program Files\JetBrains\IntelliJ IDEA 2022.2.3\jbr\bin\java.dll

dbghelp: loaded successfully - version: 4.0.5 - missing functions: none
symbol engine: initialized successfully - sym options: 0x614 - pdb path: .;C:\Program Files\JetBrains\IntelliJ IDEA 2022.2.3\jbr\bin;C:\Windows\SYSTEM32;C:\Windows\WinSxS\amd64_microsoft.windows.common-controls_6595b64144ccf1df_6.0.22000.120_none_9d947278b86cc467;C:\Program Files\JetBrains\IntelliJ IDEA 2022.2.3\jbr\bin\server

VM Arguments:
java_command: git4idea.http.GitAskPassApp Username for 'http://10.42.1.120': 
java_class_path (initial): C:/Program Files/JetBrains/IntelliJ IDEA 2022.2.3/plugins/git4idea/lib/git4idea-rt.jar;C:/Program Files/JetBrains/IntelliJ IDEA 2022.2.3/lib/externalProcess-rt.jar;C:/Program Files/JetBrains/IntelliJ IDEA 2022.2.3/lib/app.jar;C:/Program Files/JetBrains/IntelliJ IDEA 2022.2.3/lib/3rd-party-rt.jar
Launcher Type: SUN_STANDARD

[Global flags]
     intx CICompilerCount                          = 4                                         {product} {ergonomic}
     uint ConcGCThreads                            = 2                                         {product} {ergonomic}
     uint G1ConcRefinementThreads                  = 8                                         {product} {ergonomic}
   size_t G1HeapRegionSize                         = 1048576                                   {product} {ergonomic}
    uintx GCDrainStackTargetSize                   = 64                                        {product} {ergonomic}
   size_t InitialHeapSize                          = 132120576                                 {product} {ergonomic}
   size_t MarkStackSize                            = 4194304                                   {product} {ergonomic}
   size_t MaxHeapSize                              = 2090860544                                {product} {ergonomic}
   size_t MinHeapDeltaBytes                        = 1048576                                   {product} {ergonomic}
   size_t MinHeapSize                              = 8388608                                   {product} {ergonomic}
    uintx NonNMethodCodeHeapSize                   = 5839372                                {pd product} {ergonomic}
    uintx NonProfiledCodeHeapSize                  = 122909434                              {pd product} {ergonomic}
    uintx ProfiledCodeHeapSize                     = 122909434                              {pd product} {ergonomic}
    uintx ReservedCodeCacheSize                    = 251658240                              {pd product} {ergonomic}
     bool SegmentedCodeCache                       = true                                      {product} {ergonomic}
   size_t SoftMaxHeapSize                          = 2090860544                             {manageable} {ergonomic}
     bool UseCompressedClassPointers               = true                           {product lp64_product} {ergonomic}
     bool UseCompressedOops                        = true                           {product lp64_product} {ergonomic}
     bool UseG1GC                                  = true                                      {product} {ergonomic}
     bool UseLargePagesIndividualAllocation        = false                                  {pd product} {ergonomic}

Logging:
Log output configuration:
 #0: stdout all=warning uptime,level,tags
 #1: stderr all=off uptime,level,tags

Environment Variables:
PATH=C:/Users/snndiayeos/AppData/Local/Programs/Git/mingw64/libexec/git-core;C:/Users/snndiayeos/AppData/Local/Programs/Git/mingw64/libexec/git-core;C:\Users\snndiayeos\AppData\Local\Programs\Git\mingw64\bin;C:\Users\snndiayeos\AppData\Local\Programs\Git\usr\bin;C:\Users\snndiayeos\bin;C:\Python310\Scripts\;C:\Python310\;C:\Windows\system32;C:\Windows;C:\Windows\System32\Wbem;C:\Windows\System32\WindowsPowerShell\v1.0\;C:\Windows\System32\OpenSSH\;C:\ProgramData\chocolatey\bin;C:\Program Files (x86)\nodejs\;C:\Users\snndiayeos\AppData\Local\Microsoft\WindowsApps;C:\Users\snndiayeos\AppData\Local\Programs\Microsoft VS Code\bin;C:\Users\snndiayeos\AppData\Local\Programs\Git\cmd;C:\Users\snndiayeos\AppData\Roaming\npm
USERNAME=snndiayeos
DISPLAY=:0.0
LC_ALL=en_US.UTF-8
TERM=xterm-256color
TMPDIR=C:\Users\SNNDIA~1\AppData\Local\Temp
OS=Windows_NT
PROCESSOR_IDENTIFIER=Intel64 Family 6 Model 142 Stepping 11, GenuineIntel
TMP=C:\Users\SNNDIA~1\AppData\Local\Temp
TEMP=C:\Users\SNNDIA~1\AppData\Local\Temp



---------------  S Y S T E M  ---------------

OS:
 Windows 11 , 64 bit Build 22000 (10.0.22000.1219)
OS uptime: 10 days 13:37 hours

CPU: total 8 (initial active 8) (4 cores per cpu, 2 threads per core) family 6 model 142 stepping 11 microcode 0xde, cx8, cmov, fxsr, ht, mmx, 3dnowpref, sse, sse2, sse3, ssse3, sse4.1, sse4.2, popcnt, lzcnt, tsc, tscinvbit, avx, avx2, aes, erms, clmul, bmi1, bmi2, adx, fma, vzeroupper, clflush, clflushopt

Memory: 4k page, system-wide physical 7968M (414M free)
TotalPageFile size 32544M (AvailPageFile size 54M)
current process WorkingSet (physical memory assigned to process): 10M, peak: 10M
current process commit charge ("private bytes"): 60M, peak: 186M

vm_info: OpenJDK 64-Bit Server VM (17.0.4.1+7-b469.62) for windows-amd64 JRE (17.0.4.1+7-b469.62), built on 2022-09-22 by "builduser" with MS VC++ 16.10 / 16.11 (VS2019)

END.
